{"C:\\Users\\Alok Pandey\\Desktop\\Projects\\React Learning\\My-Food-Project\\src\\components\\Contact.jsx": {"path":"C:\\Users\\Alok Pandey\\Desktop\\Projects\\React Learning\\My-Food-Project\\src\\components\\Contact.jsx","statementMap":{"0":{"start":{"line":1,"column":16},"end":{"line":22,"column":1}},"1":{"start":{"line":2,"column":2},"end":{"line":21,"column":4}}},"fnMap":{"0":{"name":"(anonymous_0)","decl":{"start":{"line":1,"column":16},"end":{"line":1,"column":17}},"loc":{"start":{"line":1,"column":22},"end":{"line":22,"column":1}},"line":1}},"branchMap":{},"s":{"0":1,"1":4},"f":{"0":4},"b":{},"_coverageSchema":"1a1c01bbd47fc00a2c39e90264f33305004495a9","hash":"19162ccb251f0ab593771145136e82a8d93c7894"}
,"C:\\Users\\Alok Pandey\\Desktop\\Projects\\React Learning\\My-Food-Project\\src\\components\\Header.jsx": {"path":"C:\\Users\\Alok Pandey\\Desktop\\Projects\\React Learning\\My-Food-Project\\src\\components\\Header.jsx","statementMap":{"0":{"start":{"line":14,"column":15},"end":{"line":61,"column":1}},"1":{"start":{"line":15,"column":34},"end":{"line":15,"column":48}},"2":{"start":{"line":16,"column":19},"end":{"line":16,"column":36}},"3":{"start":{"line":18,"column":27},"end":{"line":18,"column":50}},"4":{"start":{"line":21,"column":20},"end":{"line":21,"column":60}},"5":{"start":{"line":21,"column":43},"end":{"line":21,"column":59}},"6":{"start":{"line":24,"column":2},"end":{"line":60,"column":4}},"7":{"start":{"line":51,"column":37},"end":{"line":51,"column":55}},"8":{"start":{"line":53,"column":37},"end":{"line":53,"column":54}}},"fnMap":{"0":{"name":"(anonymous_0)","decl":{"start":{"line":14,"column":15},"end":{"line":14,"column":16}},"loc":{"start":{"line":14,"column":21},"end":{"line":61,"column":1}},"line":14},"1":{"name":"(anonymous_1)","decl":{"start":{"line":21,"column":32},"end":{"line":21,"column":33}},"loc":{"start":{"line":21,"column":43},"end":{"line":21,"column":59}},"line":21},"2":{"name":"(anonymous_2)","decl":{"start":{"line":51,"column":31},"end":{"line":51,"column":32}},"loc":{"start":{"line":51,"column":37},"end":{"line":51,"column":55}},"line":51},"3":{"name":"(anonymous_3)","decl":{"start":{"line":53,"column":31},"end":{"line":53,"column":32}},"loc":{"start":{"line":53,"column":37},"end":{"line":53,"column":54}},"line":53}},"branchMap":{"0":{"loc":{"start":{"line":48,"column":48},"end":{"line":48,"column":70}},"type":"cond-expr","locations":[{"start":{"line":48,"column":59},"end":{"line":48,"column":63}},{"start":{"line":48,"column":66},"end":{"line":48,"column":70}}],"line":48},"1":{"loc":{"start":{"line":50,"column":13},"end":{"line":54,"column":13}},"type":"cond-expr","locations":[{"start":{"line":51,"column":14},"end":{"line":51,"column":72}},{"start":{"line":53,"column":14},"end":{"line":53,"column":70}}],"line":50}},"s":{"0":1,"1":5,"2":5,"3":5,"4":5,"5":9,"6":5,"7":0,"8":1},"f":{"0":5,"1":9,"2":0,"3":1},"b":{"0":[5,0],"1":[1,4]},"_coverageSchema":"1a1c01bbd47fc00a2c39e90264f33305004495a9","hash":"46eb7ca2b201e9e3b6de8046f185ffadd55c6a9e"}
,"C:\\Users\\Alok Pandey\\Desktop\\Projects\\React Learning\\My-Food-Project\\src\\components\\sum.js": {"path":"C:\\Users\\Alok Pandey\\Desktop\\Projects\\React Learning\\My-Food-Project\\src\\components\\sum.js","statementMap":{"0":{"start":{"line":1,"column":19},"end":{"line":3,"column":1}},"1":{"start":{"line":2,"column":2},"end":{"line":2,"column":15}}},"fnMap":{"0":{"name":"(anonymous_0)","decl":{"start":{"line":1,"column":19},"end":{"line":1,"column":20}},"loc":{"start":{"line":1,"column":29},"end":{"line":3,"column":1}},"line":1}},"branchMap":{},"s":{"0":1,"1":1},"f":{"0":1},"b":{},"_coverageSchema":"1a1c01bbd47fc00a2c39e90264f33305004495a9","hash":"b24e16a76120b141561ae20c057ea2c8d447b933"}
,"C:\\Users\\Alok Pandey\\Desktop\\Projects\\React Learning\\My-Food-Project\\src\\utils\\UserContext.js": {"path":"C:\\Users\\Alok Pandey\\Desktop\\Projects\\React Learning\\My-Food-Project\\src\\utils\\UserContext.js","statementMap":{"0":{"start":{"line":3,"column":20},"end":{"line":5,"column":2}}},"fnMap":{},"branchMap":{},"s":{"0":1},"f":{},"b":{},"_coverageSchema":"1a1c01bbd47fc00a2c39e90264f33305004495a9","hash":"96fde7b258b823c876bfc6ec96ce77ff96680ec3"}
,"C:\\Users\\Alok Pandey\\Desktop\\Projects\\React Learning\\My-Food-Project\\src\\utils\\appStore.js": {"path":"C:\\Users\\Alok Pandey\\Desktop\\Projects\\React Learning\\My-Food-Project\\src\\utils\\appStore.js","statementMap":{"0":{"start":{"line":4,"column":17},"end":{"line":8,"column":2}}},"fnMap":{},"branchMap":{},"s":{"0":1},"f":{},"b":{},"_coverageSchema":"1a1c01bbd47fc00a2c39e90264f33305004495a9","hash":"2b6b5cbef8c7aac56b849cb2ac2a753dfb87bedb"}
,"C:\\Users\\Alok Pandey\\Desktop\\Projects\\React Learning\\My-Food-Project\\src\\utils\\cardSlice.js": {"path":"C:\\Users\\Alok Pandey\\Desktop\\Projects\\React Learning\\My-Food-Project\\src\\utils\\cardSlice.js","statementMap":{"0":{"start":{"line":3,"column":18},"end":{"line":20,"column":2}},"1":{"start":{"line":11,"column":6},"end":{"line":11,"column":39}},"2":{"start":{"line":14,"column":6},"end":{"line":14,"column":24}},"3":{"start":{"line":17,"column":6},"end":{"line":17,"column":29}},"4":{"start":{"line":21,"column":50},"end":{"line":21,"column":67}}},"fnMap":{"0":{"name":"(anonymous_0)","decl":{"start":{"line":9,"column":13},"end":{"line":9,"column":14}},"loc":{"start":{"line":9,"column":32},"end":{"line":12,"column":5}},"line":9},"1":{"name":"(anonymous_1)","decl":{"start":{"line":13,"column":16},"end":{"line":13,"column":17}},"loc":{"start":{"line":13,"column":35},"end":{"line":15,"column":5}},"line":13},"2":{"name":"(anonymous_2)","decl":{"start":{"line":16,"column":15},"end":{"line":16,"column":16}},"loc":{"start":{"line":16,"column":34},"end":{"line":18,"column":5}},"line":16}},"branchMap":{},"s":{"0":1,"1":0,"2":0,"3":0,"4":1},"f":{"0":0,"1":0,"2":0},"b":{},"_coverageSchema":"1a1c01bbd47fc00a2c39e90264f33305004495a9","hash":"68d2aed6944748e6317f862a38bfc0de114c3b2d"}
,"C:\\Users\\Alok Pandey\\Desktop\\Projects\\React Learning\\My-Food-Project\\src\\utils\\useOnlineStatus.js": {"path":"C:\\Users\\Alok Pandey\\Desktop\\Projects\\React Learning\\My-Food-Project\\src\\utils\\useOnlineStatus.js","statementMap":{"0":{"start":{"line":3,"column":24},"end":{"line":23,"column":1}},"1":{"start":{"line":4,"column":34},"end":{"line":4,"column":48}},"2":{"start":{"line":6,"column":23},"end":{"line":8,"column":3}},"3":{"start":{"line":7,"column":4},"end":{"line":7,"column":22}},"4":{"start":{"line":9,"column":24},"end":{"line":11,"column":3}},"5":{"start":{"line":10,"column":4},"end":{"line":10,"column":23}},"6":{"start":{"line":13,"column":2},"end":{"line":20,"column":9}},"7":{"start":{"line":14,"column":4},"end":{"line":14,"column":52}},"8":{"start":{"line":15,"column":4},"end":{"line":15,"column":54}},"9":{"start":{"line":16,"column":4},"end":{"line":19,"column":6}},"10":{"start":{"line":17,"column":6},"end":{"line":17,"column":57}},"11":{"start":{"line":18,"column":6},"end":{"line":18,"column":59}},"12":{"start":{"line":22,"column":2},"end":{"line":22,"column":18}}},"fnMap":{"0":{"name":"(anonymous_0)","decl":{"start":{"line":3,"column":24},"end":{"line":3,"column":25}},"loc":{"start":{"line":3,"column":30},"end":{"line":23,"column":1}},"line":3},"1":{"name":"(anonymous_1)","decl":{"start":{"line":6,"column":23},"end":{"line":6,"column":24}},"loc":{"start":{"line":6,"column":29},"end":{"line":8,"column":3}},"line":6},"2":{"name":"(anonymous_2)","decl":{"start":{"line":9,"column":24},"end":{"line":9,"column":25}},"loc":{"start":{"line":9,"column":30},"end":{"line":11,"column":3}},"line":9},"3":{"name":"(anonymous_3)","decl":{"start":{"line":13,"column":12},"end":{"line":13,"column":13}},"loc":{"start":{"line":13,"column":18},"end":{"line":20,"column":3}},"line":13},"4":{"name":"(anonymous_4)","decl":{"start":{"line":16,"column":11},"end":{"line":16,"column":12}},"loc":{"start":{"line":16,"column":17},"end":{"line":19,"column":5}},"line":16}},"branchMap":{},"s":{"0":1,"1":5,"2":5,"3":0,"4":5,"5":0,"6":5,"7":4,"8":4,"9":4,"10":4,"11":4,"12":5},"f":{"0":5,"1":0,"2":0,"3":4,"4":4},"b":{},"_coverageSchema":"1a1c01bbd47fc00a2c39e90264f33305004495a9","hash":"6aac8b774742815189316a5f6ff638e16c53a169"}
}
